[2024-11-07 08:47:35] local.ERROR: main(): Failed opening required '/home/dennix/Projects/CasaBela/WebCasaBela/api/bootstrap/../helpers.php' (include_path='.:/usr/share/php') {"exception":"[object] (Symfony\\Component\\ErrorHandler\\Error\\FatalError(code: 0): main(): Failed opening required '/home/dennix/Projects/CasaBela/WebCasaBela/api/bootstrap/../helpers.php' (include_path='.:/usr/share/php') at /home/dennix/Projects/CasaBela/WebCasaBela/api/bootstrap/app.php:106)
[stacktrace]
#0 {main}
"} 
[2024-11-07 10:10:29] local.ERROR: could not find driver (SQL: select * from `departments`) {"exception":"[object] (Illuminate\\Database\\QueryException(code: 0): could not find driver (SQL: select * from `departments`) at /home/dennix/Projects/CasaBela/WebCasaBela/api/vendor/illuminate/database/Connection.php:712)
[stacktrace]
#0 /home/dennix/Projects/CasaBela/WebCasaBela/api/vendor/illuminate/database/Connection.php(672): Illuminate\\Database\\Connection->runQueryCallback()
#1 /home/dennix/Projects/CasaBela/WebCasaBela/api/vendor/illuminate/database/Connection.php(376): Illuminate\\Database\\Connection->run()
#2 /home/dennix/Projects/CasaBela/WebCasaBela/api/vendor/illuminate/database/Query/Builder.php(2414): Illuminate\\Database\\Connection->select()
#3 /home/dennix/Projects/CasaBela/WebCasaBela/api/vendor/illuminate/database/Query/Builder.php(2402): Illuminate\\Database\\Query\\Builder->runSelect()
#4 /home/dennix/Projects/CasaBela/WebCasaBela/api/vendor/illuminate/database/Query/Builder.php(2936): Illuminate\\Database\\Query\\Builder->Illuminate\\Database\\Query\\{closure}()
#5 /home/dennix/Projects/CasaBela/WebCasaBela/api/vendor/illuminate/database/Query/Builder.php(2403): Illuminate\\Database\\Query\\Builder->onceWithColumns()
#6 /home/dennix/Projects/CasaBela/WebCasaBela/api/vendor/illuminate/database/Eloquent/Builder.php(625): Illuminate\\Database\\Query\\Builder->get()
#7 /home/dennix/Projects/CasaBela/WebCasaBela/api/vendor/illuminate/database/Eloquent/Builder.php(609): Illuminate\\Database\\Eloquent\\Builder->getModels()
#8 /home/dennix/Projects/CasaBela/WebCasaBela/api/vendor/illuminate/database/Eloquent/Model.php(568): Illuminate\\Database\\Eloquent\\Builder->get()
#9 /home/dennix/Projects/CasaBela/WebCasaBela/api/app/Http/Controllers/DepartmentsController.php(13): Illuminate\\Database\\Eloquent\\Model::all()
#10 /home/dennix/Projects/CasaBela/WebCasaBela/api/vendor/illuminate/container/BoundMethod.php(36): App\\Http\\Controllers\\DepartmentsController->index()
#11 /home/dennix/Projects/CasaBela/WebCasaBela/api/vendor/illuminate/container/Util.php(40): Illuminate\\Container\\BoundMethod::Illuminate\\Container\\{closure}()
#12 /home/dennix/Projects/CasaBela/WebCasaBela/api/vendor/illuminate/container/BoundMethod.php(93): Illuminate\\Container\\Util::unwrapIfClosure()
#13 /home/dennix/Projects/CasaBela/WebCasaBela/api/vendor/illuminate/container/BoundMethod.php(37): Illuminate\\Container\\BoundMethod::callBoundMethod()
#14 /home/dennix/Projects/CasaBela/WebCasaBela/api/vendor/illuminate/container/Container.php(653): Illuminate\\Container\\BoundMethod::call()
#15 /home/dennix/Projects/CasaBela/WebCasaBela/api/vendor/laravel/lumen-framework/src/Concerns/RoutesRequests.php(389): Illuminate\\Container\\Container->call()
#16 /home/dennix/Projects/CasaBela/WebCasaBela/api/vendor/laravel/lumen-framework/src/Concerns/RoutesRequests.php(355): Laravel\\Lumen\\Application->callControllerCallable()
#17 /home/dennix/Projects/CasaBela/WebCasaBela/api/vendor/laravel/lumen-framework/src/Concerns/RoutesRequests.php(329): Laravel\\Lumen\\Application->callLumenController()
#18 /home/dennix/Projects/CasaBela/WebCasaBela/api/vendor/laravel/lumen-framework/src/Concerns/RoutesRequests.php(282): Laravel\\Lumen\\Application->callControllerAction()
#19 /home/dennix/Projects/CasaBela/WebCasaBela/api/vendor/laravel/lumen-framework/src/Concerns/RoutesRequests.php(267): Laravel\\Lumen\\Application->callActionOnArrayBasedRoute()
#20 /home/dennix/Projects/CasaBela/WebCasaBela/api/vendor/laravel/lumen-framework/src/Concerns/RoutesRequests.php(169): Laravel\\Lumen\\Application->handleFoundRoute()
#21 /home/dennix/Projects/CasaBela/WebCasaBela/api/vendor/laravel/lumen-framework/src/Routing/Pipeline.php(48): Laravel\\Lumen\\Application->Laravel\\Lumen\\Concerns\\{closure}()
#22 /home/dennix/Projects/CasaBela/WebCasaBela/api/app/Http/Middleware/CorsMiddleware.php(13): Laravel\\Lumen\\Routing\\Pipeline->Laravel\\Lumen\\Routing\\{closure}()
#23 /home/dennix/Projects/CasaBela/WebCasaBela/api/vendor/illuminate/pipeline/Pipeline.php(167): App\\Http\\Middleware\\CorsMiddleware->handle()
#24 /home/dennix/Projects/CasaBela/WebCasaBela/api/vendor/laravel/lumen-framework/src/Routing/Pipeline.php(30): Illuminate\\Pipeline\\Pipeline->Illuminate\\Pipeline\\{closure}()
#25 /home/dennix/Projects/CasaBela/WebCasaBela/api/vendor/illuminate/pipeline/Pipeline.php(103): Laravel\\Lumen\\Routing\\Pipeline->Laravel\\Lumen\\Routing\\{closure}()
#26 /home/dennix/Projects/CasaBela/WebCasaBela/api/vendor/laravel/lumen-framework/src/Concerns/RoutesRequests.php(426): Illuminate\\Pipeline\\Pipeline->then()
#27 /home/dennix/Projects/CasaBela/WebCasaBela/api/vendor/laravel/lumen-framework/src/Concerns/RoutesRequests.php(175): Laravel\\Lumen\\Application->sendThroughPipeline()
#28 /home/dennix/Projects/CasaBela/WebCasaBela/api/vendor/laravel/lumen-framework/src/Concerns/RoutesRequests.php(112): Laravel\\Lumen\\Application->dispatch()
#29 /home/dennix/Projects/CasaBela/WebCasaBela/api/public/index.php(28): Laravel\\Lumen\\Application->run()
#30 {main}

[previous exception] [object] (PDOException(code: 0): could not find driver at /home/dennix/Projects/CasaBela/WebCasaBela/api/vendor/illuminate/database/Connectors/Connector.php:70)
[stacktrace]
#0 /home/dennix/Projects/CasaBela/WebCasaBela/api/vendor/illuminate/database/Connectors/Connector.php(70): PDO->__construct()
#1 /home/dennix/Projects/CasaBela/WebCasaBela/api/vendor/illuminate/database/Connectors/Connector.php(46): Illuminate\\Database\\Connectors\\Connector->createPdoConnection()
#2 /home/dennix/Projects/CasaBela/WebCasaBela/api/vendor/illuminate/database/Connectors/MySqlConnector.php(24): Illuminate\\Database\\Connectors\\Connector->createConnection()
#3 /home/dennix/Projects/CasaBela/WebCasaBela/api/vendor/illuminate/database/Connectors/ConnectionFactory.php(184): Illuminate\\Database\\Connectors\\MySqlConnector->connect()
#4 [internal function]: Illuminate\\Database\\Connectors\\ConnectionFactory->Illuminate\\Database\\Connectors\\{closure}()
#5 /home/dennix/Projects/CasaBela/WebCasaBela/api/vendor/illuminate/database/Connection.php(1064): call_user_func()
#6 /home/dennix/Projects/CasaBela/WebCasaBela/api/vendor/illuminate/database/Connection.php(1100): Illuminate\\Database\\Connection->getPdo()
#7 /home/dennix/Projects/CasaBela/WebCasaBela/api/vendor/illuminate/database/Connection.php(442): Illuminate\\Database\\Connection->getReadPdo()
#8 /home/dennix/Projects/CasaBela/WebCasaBela/api/vendor/illuminate/database/Connection.php(368): Illuminate\\Database\\Connection->getPdoForSelect()
#9 /home/dennix/Projects/CasaBela/WebCasaBela/api/vendor/illuminate/database/Connection.php(705): Illuminate\\Database\\Connection->Illuminate\\Database\\{closure}()
#10 /home/dennix/Projects/CasaBela/WebCasaBela/api/vendor/illuminate/database/Connection.php(672): Illuminate\\Database\\Connection->runQueryCallback()
#11 /home/dennix/Projects/CasaBela/WebCasaBela/api/vendor/illuminate/database/Connection.php(376): Illuminate\\Database\\Connection->run()
#12 /home/dennix/Projects/CasaBela/WebCasaBela/api/vendor/illuminate/database/Query/Builder.php(2414): Illuminate\\Database\\Connection->select()
#13 /home/dennix/Projects/CasaBela/WebCasaBela/api/vendor/illuminate/database/Query/Builder.php(2402): Illuminate\\Database\\Query\\Builder->runSelect()
#14 /home/dennix/Projects/CasaBela/WebCasaBela/api/vendor/illuminate/database/Query/Builder.php(2936): Illuminate\\Database\\Query\\Builder->Illuminate\\Database\\Query\\{closure}()
#15 /home/dennix/Projects/CasaBela/WebCasaBela/api/vendor/illuminate/database/Query/Builder.php(2403): Illuminate\\Database\\Query\\Builder->onceWithColumns()
#16 /home/dennix/Projects/CasaBela/WebCasaBela/api/vendor/illuminate/database/Eloquent/Builder.php(625): Illuminate\\Database\\Query\\Builder->get()
#17 /home/dennix/Projects/CasaBela/WebCasaBela/api/vendor/illuminate/database/Eloquent/Builder.php(609): Illuminate\\Database\\Eloquent\\Builder->getModels()
#18 /home/dennix/Projects/CasaBela/WebCasaBela/api/vendor/illuminate/database/Eloquent/Model.php(568): Illuminate\\Database\\Eloquent\\Builder->get()
#19 /home/dennix/Projects/CasaBela/WebCasaBela/api/app/Http/Controllers/DepartmentsController.php(13): Illuminate\\Database\\Eloquent\\Model::all()
#20 /home/dennix/Projects/CasaBela/WebCasaBela/api/vendor/illuminate/container/BoundMethod.php(36): App\\Http\\Controllers\\DepartmentsController->index()
#21 /home/dennix/Projects/CasaBela/WebCasaBela/api/vendor/illuminate/container/Util.php(40): Illuminate\\Container\\BoundMethod::Illuminate\\Container\\{closure}()
#22 /home/dennix/Projects/CasaBela/WebCasaBela/api/vendor/illuminate/container/BoundMethod.php(93): Illuminate\\Container\\Util::unwrapIfClosure()
#23 /home/dennix/Projects/CasaBela/WebCasaBela/api/vendor/illuminate/container/BoundMethod.php(37): Illuminate\\Container\\BoundMethod::callBoundMethod()
#24 /home/dennix/Projects/CasaBela/WebCasaBela/api/vendor/illuminate/container/Container.php(653): Illuminate\\Container\\BoundMethod::call()
#25 /home/dennix/Projects/CasaBela/WebCasaBela/api/vendor/laravel/lumen-framework/src/Concerns/RoutesRequests.php(389): Illuminate\\Container\\Container->call()
#26 /home/dennix/Projects/CasaBela/WebCasaBela/api/vendor/laravel/lumen-framework/src/Concerns/RoutesRequests.php(355): Laravel\\Lumen\\Application->callControllerCallable()
#27 /home/dennix/Projects/CasaBela/WebCasaBela/api/vendor/laravel/lumen-framework/src/Concerns/RoutesRequests.php(329): Laravel\\Lumen\\Application->callLumenController()
#28 /home/dennix/Projects/CasaBela/WebCasaBela/api/vendor/laravel/lumen-framework/src/Concerns/RoutesRequests.php(282): Laravel\\Lumen\\Application->callControllerAction()
#29 /home/dennix/Projects/CasaBela/WebCasaBela/api/vendor/laravel/lumen-framework/src/Concerns/RoutesRequests.php(267): Laravel\\Lumen\\Application->callActionOnArrayBasedRoute()
#30 /home/dennix/Projects/CasaBela/WebCasaBela/api/vendor/laravel/lumen-framework/src/Concerns/RoutesRequests.php(169): Laravel\\Lumen\\Application->handleFoundRoute()
#31 /home/dennix/Projects/CasaBela/WebCasaBela/api/vendor/laravel/lumen-framework/src/Routing/Pipeline.php(48): Laravel\\Lumen\\Application->Laravel\\Lumen\\Concerns\\{closure}()
#32 /home/dennix/Projects/CasaBela/WebCasaBela/api/app/Http/Middleware/CorsMiddleware.php(13): Laravel\\Lumen\\Routing\\Pipeline->Laravel\\Lumen\\Routing\\{closure}()
#33 /home/dennix/Projects/CasaBela/WebCasaBela/api/vendor/illuminate/pipeline/Pipeline.php(167): App\\Http\\Middleware\\CorsMiddleware->handle()
#34 /home/dennix/Projects/CasaBela/WebCasaBela/api/vendor/laravel/lumen-framework/src/Routing/Pipeline.php(30): Illuminate\\Pipeline\\Pipeline->Illuminate\\Pipeline\\{closure}()
#35 /home/dennix/Projects/CasaBela/WebCasaBela/api/vendor/illuminate/pipeline/Pipeline.php(103): Laravel\\Lumen\\Routing\\Pipeline->Laravel\\Lumen\\Routing\\{closure}()
#36 /home/dennix/Projects/CasaBela/WebCasaBela/api/vendor/laravel/lumen-framework/src/Concerns/RoutesRequests.php(426): Illuminate\\Pipeline\\Pipeline->then()
#37 /home/dennix/Projects/CasaBela/WebCasaBela/api/vendor/laravel/lumen-framework/src/Concerns/RoutesRequests.php(175): Laravel\\Lumen\\Application->sendThroughPipeline()
#38 /home/dennix/Projects/CasaBela/WebCasaBela/api/vendor/laravel/lumen-framework/src/Concerns/RoutesRequests.php(112): Laravel\\Lumen\\Application->dispatch()
#39 /home/dennix/Projects/CasaBela/WebCasaBela/api/public/index.php(28): Laravel\\Lumen\\Application->run()
#40 {main}
"} 
[2024-11-07 10:10:29] local.ERROR: could not find driver (SQL: select * from `property_types`) {"exception":"[object] (Illuminate\\Database\\QueryException(code: 0): could not find driver (SQL: select * from `property_types`) at /home/dennix/Projects/CasaBela/WebCasaBela/api/vendor/illuminate/database/Connection.php:712)
[stacktrace]
#0 /home/dennix/Projects/CasaBela/WebCasaBela/api/vendor/illuminate/database/Connection.php(672): Illuminate\\Database\\Connection->runQueryCallback()
#1 /home/dennix/Projects/CasaBela/WebCasaBela/api/vendor/illuminate/database/Connection.php(376): Illuminate\\Database\\Connection->run()
#2 /home/dennix/Projects/CasaBela/WebCasaBela/api/vendor/illuminate/database/Query/Builder.php(2414): Illuminate\\Database\\Connection->select()
#3 /home/dennix/Projects/CasaBela/WebCasaBela/api/vendor/illuminate/database/Query/Builder.php(2402): Illuminate\\Database\\Query\\Builder->runSelect()
#4 /home/dennix/Projects/CasaBela/WebCasaBela/api/vendor/illuminate/database/Query/Builder.php(2936): Illuminate\\Database\\Query\\Builder->Illuminate\\Database\\Query\\{closure}()
#5 /home/dennix/Projects/CasaBela/WebCasaBela/api/vendor/illuminate/database/Query/Builder.php(2403): Illuminate\\Database\\Query\\Builder->onceWithColumns()
#6 /home/dennix/Projects/CasaBela/WebCasaBela/api/vendor/illuminate/database/Eloquent/Builder.php(625): Illuminate\\Database\\Query\\Builder->get()
#7 /home/dennix/Projects/CasaBela/WebCasaBela/api/vendor/illuminate/database/Eloquent/Builder.php(609): Illuminate\\Database\\Eloquent\\Builder->getModels()
#8 /home/dennix/Projects/CasaBela/WebCasaBela/api/vendor/illuminate/database/Eloquent/Model.php(568): Illuminate\\Database\\Eloquent\\Builder->get()
#9 /home/dennix/Projects/CasaBela/WebCasaBela/api/app/Http/Controllers/PropertyTypesController.php(12): Illuminate\\Database\\Eloquent\\Model::all()
#10 /home/dennix/Projects/CasaBela/WebCasaBela/api/vendor/illuminate/container/BoundMethod.php(36): App\\Http\\Controllers\\PropertyTypesController->index()
#11 /home/dennix/Projects/CasaBela/WebCasaBela/api/vendor/illuminate/container/Util.php(40): Illuminate\\Container\\BoundMethod::Illuminate\\Container\\{closure}()
#12 /home/dennix/Projects/CasaBela/WebCasaBela/api/vendor/illuminate/container/BoundMethod.php(93): Illuminate\\Container\\Util::unwrapIfClosure()
#13 /home/dennix/Projects/CasaBela/WebCasaBela/api/vendor/illuminate/container/BoundMethod.php(37): Illuminate\\Container\\BoundMethod::callBoundMethod()
#14 /home/dennix/Projects/CasaBela/WebCasaBela/api/vendor/illuminate/container/Container.php(653): Illuminate\\Container\\BoundMethod::call()
#15 /home/dennix/Projects/CasaBela/WebCasaBela/api/vendor/laravel/lumen-framework/src/Concerns/RoutesRequests.php(389): Illuminate\\Container\\Container->call()
#16 /home/dennix/Projects/CasaBela/WebCasaBela/api/vendor/laravel/lumen-framework/src/Concerns/RoutesRequests.php(355): Laravel\\Lumen\\Application->callControllerCallable()
#17 /home/dennix/Projects/CasaBela/WebCasaBela/api/vendor/laravel/lumen-framework/src/Concerns/RoutesRequests.php(329): Laravel\\Lumen\\Application->callLumenController()
#18 /home/dennix/Projects/CasaBela/WebCasaBela/api/vendor/laravel/lumen-framework/src/Concerns/RoutesRequests.php(282): Laravel\\Lumen\\Application->callControllerAction()
#19 /home/dennix/Projects/CasaBela/WebCasaBela/api/vendor/laravel/lumen-framework/src/Concerns/RoutesRequests.php(267): Laravel\\Lumen\\Application->callActionOnArrayBasedRoute()
#20 /home/dennix/Projects/CasaBela/WebCasaBela/api/vendor/laravel/lumen-framework/src/Concerns/RoutesRequests.php(169): Laravel\\Lumen\\Application->handleFoundRoute()
#21 /home/dennix/Projects/CasaBela/WebCasaBela/api/vendor/laravel/lumen-framework/src/Routing/Pipeline.php(48): Laravel\\Lumen\\Application->Laravel\\Lumen\\Concerns\\{closure}()
#22 /home/dennix/Projects/CasaBela/WebCasaBela/api/app/Http/Middleware/CorsMiddleware.php(13): Laravel\\Lumen\\Routing\\Pipeline->Laravel\\Lumen\\Routing\\{closure}()
#23 /home/dennix/Projects/CasaBela/WebCasaBela/api/vendor/illuminate/pipeline/Pipeline.php(167): App\\Http\\Middleware\\CorsMiddleware->handle()
#24 /home/dennix/Projects/CasaBela/WebCasaBela/api/vendor/laravel/lumen-framework/src/Routing/Pipeline.php(30): Illuminate\\Pipeline\\Pipeline->Illuminate\\Pipeline\\{closure}()
#25 /home/dennix/Projects/CasaBela/WebCasaBela/api/vendor/illuminate/pipeline/Pipeline.php(103): Laravel\\Lumen\\Routing\\Pipeline->Laravel\\Lumen\\Routing\\{closure}()
#26 /home/dennix/Projects/CasaBela/WebCasaBela/api/vendor/laravel/lumen-framework/src/Concerns/RoutesRequests.php(426): Illuminate\\Pipeline\\Pipeline->then()
#27 /home/dennix/Projects/CasaBela/WebCasaBela/api/vendor/laravel/lumen-framework/src/Concerns/RoutesRequests.php(175): Laravel\\Lumen\\Application->sendThroughPipeline()
#28 /home/dennix/Projects/CasaBela/WebCasaBela/api/vendor/laravel/lumen-framework/src/Concerns/RoutesRequests.php(112): Laravel\\Lumen\\Application->dispatch()
#29 /home/dennix/Projects/CasaBela/WebCasaBela/api/public/index.php(28): Laravel\\Lumen\\Application->run()
#30 {main}

[previous exception] [object] (PDOException(code: 0): could not find driver at /home/dennix/Projects/CasaBela/WebCasaBela/api/vendor/illuminate/database/Connectors/Connector.php:70)
[stacktrace]
#0 /home/dennix/Projects/CasaBela/WebCasaBela/api/vendor/illuminate/database/Connectors/Connector.php(70): PDO->__construct()
#1 /home/dennix/Projects/CasaBela/WebCasaBela/api/vendor/illuminate/database/Connectors/Connector.php(46): Illuminate\\Database\\Connectors\\Connector->createPdoConnection()
#2 /home/dennix/Projects/CasaBela/WebCasaBela/api/vendor/illuminate/database/Connectors/MySqlConnector.php(24): Illuminate\\Database\\Connectors\\Connector->createConnection()
#3 /home/dennix/Projects/CasaBela/WebCasaBela/api/vendor/illuminate/database/Connectors/ConnectionFactory.php(184): Illuminate\\Database\\Connectors\\MySqlConnector->connect()
#4 [internal function]: Illuminate\\Database\\Connectors\\ConnectionFactory->Illuminate\\Database\\Connectors\\{closure}()
#5 /home/dennix/Projects/CasaBela/WebCasaBela/api/vendor/illuminate/database/Connection.php(1064): call_user_func()
#6 /home/dennix/Projects/CasaBela/WebCasaBela/api/vendor/illuminate/database/Connection.php(1100): Illuminate\\Database\\Connection->getPdo()
#7 /home/dennix/Projects/CasaBela/WebCasaBela/api/vendor/illuminate/database/Connection.php(442): Illuminate\\Database\\Connection->getReadPdo()
#8 /home/dennix/Projects/CasaBela/WebCasaBela/api/vendor/illuminate/database/Connection.php(368): Illuminate\\Database\\Connection->getPdoForSelect()
#9 /home/dennix/Projects/CasaBela/WebCasaBela/api/vendor/illuminate/database/Connection.php(705): Illuminate\\Database\\Connection->Illuminate\\Database\\{closure}()
#10 /home/dennix/Projects/CasaBela/WebCasaBela/api/vendor/illuminate/database/Connection.php(672): Illuminate\\Database\\Connection->runQueryCallback()
#11 /home/dennix/Projects/CasaBela/WebCasaBela/api/vendor/illuminate/database/Connection.php(376): Illuminate\\Database\\Connection->run()
#12 /home/dennix/Projects/CasaBela/WebCasaBela/api/vendor/illuminate/database/Query/Builder.php(2414): Illuminate\\Database\\Connection->select()
#13 /home/dennix/Projects/CasaBela/WebCasaBela/api/vendor/illuminate/database/Query/Builder.php(2402): Illuminate\\Database\\Query\\Builder->runSelect()
#14 /home/dennix/Projects/CasaBela/WebCasaBela/api/vendor/illuminate/database/Query/Builder.php(2936): Illuminate\\Database\\Query\\Builder->Illuminate\\Database\\Query\\{closure}()
#15 /home/dennix/Projects/CasaBela/WebCasaBela/api/vendor/illuminate/database/Query/Builder.php(2403): Illuminate\\Database\\Query\\Builder->onceWithColumns()
#16 /home/dennix/Projects/CasaBela/WebCasaBela/api/vendor/illuminate/database/Eloquent/Builder.php(625): Illuminate\\Database\\Query\\Builder->get()
#17 /home/dennix/Projects/CasaBela/WebCasaBela/api/vendor/illuminate/database/Eloquent/Builder.php(609): Illuminate\\Database\\Eloquent\\Builder->getModels()
#18 /home/dennix/Projects/CasaBela/WebCasaBela/api/vendor/illuminate/database/Eloquent/Model.php(568): Illuminate\\Database\\Eloquent\\Builder->get()
#19 /home/dennix/Projects/CasaBela/WebCasaBela/api/app/Http/Controllers/PropertyTypesController.php(12): Illuminate\\Database\\Eloquent\\Model::all()
#20 /home/dennix/Projects/CasaBela/WebCasaBela/api/vendor/illuminate/container/BoundMethod.php(36): App\\Http\\Controllers\\PropertyTypesController->index()
#21 /home/dennix/Projects/CasaBela/WebCasaBela/api/vendor/illuminate/container/Util.php(40): Illuminate\\Container\\BoundMethod::Illuminate\\Container\\{closure}()
#22 /home/dennix/Projects/CasaBela/WebCasaBela/api/vendor/illuminate/container/BoundMethod.php(93): Illuminate\\Container\\Util::unwrapIfClosure()
#23 /home/dennix/Projects/CasaBela/WebCasaBela/api/vendor/illuminate/container/BoundMethod.php(37): Illuminate\\Container\\BoundMethod::callBoundMethod()
#24 /home/dennix/Projects/CasaBela/WebCasaBela/api/vendor/illuminate/container/Container.php(653): Illuminate\\Container\\BoundMethod::call()
#25 /home/dennix/Projects/CasaBela/WebCasaBela/api/vendor/laravel/lumen-framework/src/Concerns/RoutesRequests.php(389): Illuminate\\Container\\Container->call()
#26 /home/dennix/Projects/CasaBela/WebCasaBela/api/vendor/laravel/lumen-framework/src/Concerns/RoutesRequests.php(355): Laravel\\Lumen\\Application->callControllerCallable()
#27 /home/dennix/Projects/CasaBela/WebCasaBela/api/vendor/laravel/lumen-framework/src/Concerns/RoutesRequests.php(329): Laravel\\Lumen\\Application->callLumenController()
#28 /home/dennix/Projects/CasaBela/WebCasaBela/api/vendor/laravel/lumen-framework/src/Concerns/RoutesRequests.php(282): Laravel\\Lumen\\Application->callControllerAction()
#29 /home/dennix/Projects/CasaBela/WebCasaBela/api/vendor/laravel/lumen-framework/src/Concerns/RoutesRequests.php(267): Laravel\\Lumen\\Application->callActionOnArrayBasedRoute()
#30 /home/dennix/Projects/CasaBela/WebCasaBela/api/vendor/laravel/lumen-framework/src/Concerns/RoutesRequests.php(169): Laravel\\Lumen\\Application->handleFoundRoute()
#31 /home/dennix/Projects/CasaBela/WebCasaBela/api/vendor/laravel/lumen-framework/src/Routing/Pipeline.php(48): Laravel\\Lumen\\Application->Laravel\\Lumen\\Concerns\\{closure}()
#32 /home/dennix/Projects/CasaBela/WebCasaBela/api/app/Http/Middleware/CorsMiddleware.php(13): Laravel\\Lumen\\Routing\\Pipeline->Laravel\\Lumen\\Routing\\{closure}()
#33 /home/dennix/Projects/CasaBela/WebCasaBela/api/vendor/illuminate/pipeline/Pipeline.php(167): App\\Http\\Middleware\\CorsMiddleware->handle()
#34 /home/dennix/Projects/CasaBela/WebCasaBela/api/vendor/laravel/lumen-framework/src/Routing/Pipeline.php(30): Illuminate\\Pipeline\\Pipeline->Illuminate\\Pipeline\\{closure}()
#35 /home/dennix/Projects/CasaBela/WebCasaBela/api/vendor/illuminate/pipeline/Pipeline.php(103): Laravel\\Lumen\\Routing\\Pipeline->Laravel\\Lumen\\Routing\\{closure}()
#36 /home/dennix/Projects/CasaBela/WebCasaBela/api/vendor/laravel/lumen-framework/src/Concerns/RoutesRequests.php(426): Illuminate\\Pipeline\\Pipeline->then()
#37 /home/dennix/Projects/CasaBela/WebCasaBela/api/vendor/laravel/lumen-framework/src/Concerns/RoutesRequests.php(175): Laravel\\Lumen\\Application->sendThroughPipeline()
#38 /home/dennix/Projects/CasaBela/WebCasaBela/api/vendor/laravel/lumen-framework/src/Concerns/RoutesRequests.php(112): Laravel\\Lumen\\Application->dispatch()
#39 /home/dennix/Projects/CasaBela/WebCasaBela/api/public/index.php(28): Laravel\\Lumen\\Application->run()
#40 {main}
"} 
[2024-11-07 10:10:54] local.ERROR: could not find driver (SQL: select * from `departments`) {"exception":"[object] (Illuminate\\Database\\QueryException(code: 0): could not find driver (SQL: select * from `departments`) at /home/dennix/Projects/CasaBela/WebCasaBela/api/vendor/illuminate/database/Connection.php:712)
[stacktrace]
#0 /home/dennix/Projects/CasaBela/WebCasaBela/api/vendor/illuminate/database/Connection.php(672): Illuminate\\Database\\Connection->runQueryCallback()
#1 /home/dennix/Projects/CasaBela/WebCasaBela/api/vendor/illuminate/database/Connection.php(376): Illuminate\\Database\\Connection->run()
#2 /home/dennix/Projects/CasaBela/WebCasaBela/api/vendor/illuminate/database/Query/Builder.php(2414): Illuminate\\Database\\Connection->select()
#3 /home/dennix/Projects/CasaBela/WebCasaBela/api/vendor/illuminate/database/Query/Builder.php(2402): Illuminate\\Database\\Query\\Builder->runSelect()
#4 /home/dennix/Projects/CasaBela/WebCasaBela/api/vendor/illuminate/database/Query/Builder.php(2936): Illuminate\\Database\\Query\\Builder->Illuminate\\Database\\Query\\{closure}()
#5 /home/dennix/Projects/CasaBela/WebCasaBela/api/vendor/illuminate/database/Query/Builder.php(2403): Illuminate\\Database\\Query\\Builder->onceWithColumns()
#6 /home/dennix/Projects/CasaBela/WebCasaBela/api/vendor/illuminate/database/Eloquent/Builder.php(625): Illuminate\\Database\\Query\\Builder->get()
#7 /home/dennix/Projects/CasaBela/WebCasaBela/api/vendor/illuminate/database/Eloquent/Builder.php(609): Illuminate\\Database\\Eloquent\\Builder->getModels()
#8 /home/dennix/Projects/CasaBela/WebCasaBela/api/vendor/illuminate/database/Eloquent/Model.php(568): Illuminate\\Database\\Eloquent\\Builder->get()
#9 /home/dennix/Projects/CasaBela/WebCasaBela/api/app/Http/Controllers/DepartmentsController.php(13): Illuminate\\Database\\Eloquent\\Model::all()
#10 /home/dennix/Projects/CasaBela/WebCasaBela/api/vendor/illuminate/container/BoundMethod.php(36): App\\Http\\Controllers\\DepartmentsController->index()
#11 /home/dennix/Projects/CasaBela/WebCasaBela/api/vendor/illuminate/container/Util.php(40): Illuminate\\Container\\BoundMethod::Illuminate\\Container\\{closure}()
#12 /home/dennix/Projects/CasaBela/WebCasaBela/api/vendor/illuminate/container/BoundMethod.php(93): Illuminate\\Container\\Util::unwrapIfClosure()
#13 /home/dennix/Projects/CasaBela/WebCasaBela/api/vendor/illuminate/container/BoundMethod.php(37): Illuminate\\Container\\BoundMethod::callBoundMethod()
#14 /home/dennix/Projects/CasaBela/WebCasaBela/api/vendor/illuminate/container/Container.php(653): Illuminate\\Container\\BoundMethod::call()
#15 /home/dennix/Projects/CasaBela/WebCasaBela/api/vendor/laravel/lumen-framework/src/Concerns/RoutesRequests.php(389): Illuminate\\Container\\Container->call()
#16 /home/dennix/Projects/CasaBela/WebCasaBela/api/vendor/laravel/lumen-framework/src/Concerns/RoutesRequests.php(355): Laravel\\Lumen\\Application->callControllerCallable()
#17 /home/dennix/Projects/CasaBela/WebCasaBela/api/vendor/laravel/lumen-framework/src/Concerns/RoutesRequests.php(329): Laravel\\Lumen\\Application->callLumenController()
#18 /home/dennix/Projects/CasaBela/WebCasaBela/api/vendor/laravel/lumen-framework/src/Concerns/RoutesRequests.php(282): Laravel\\Lumen\\Application->callControllerAction()
#19 /home/dennix/Projects/CasaBela/WebCasaBela/api/vendor/laravel/lumen-framework/src/Concerns/RoutesRequests.php(267): Laravel\\Lumen\\Application->callActionOnArrayBasedRoute()
#20 /home/dennix/Projects/CasaBela/WebCasaBela/api/vendor/laravel/lumen-framework/src/Concerns/RoutesRequests.php(169): Laravel\\Lumen\\Application->handleFoundRoute()
#21 /home/dennix/Projects/CasaBela/WebCasaBela/api/vendor/laravel/lumen-framework/src/Routing/Pipeline.php(48): Laravel\\Lumen\\Application->Laravel\\Lumen\\Concerns\\{closure}()
#22 /home/dennix/Projects/CasaBela/WebCasaBela/api/app/Http/Middleware/CorsMiddleware.php(13): Laravel\\Lumen\\Routing\\Pipeline->Laravel\\Lumen\\Routing\\{closure}()
#23 /home/dennix/Projects/CasaBela/WebCasaBela/api/vendor/illuminate/pipeline/Pipeline.php(167): App\\Http\\Middleware\\CorsMiddleware->handle()
#24 /home/dennix/Projects/CasaBela/WebCasaBela/api/vendor/laravel/lumen-framework/src/Routing/Pipeline.php(30): Illuminate\\Pipeline\\Pipeline->Illuminate\\Pipeline\\{closure}()
#25 /home/dennix/Projects/CasaBela/WebCasaBela/api/vendor/illuminate/pipeline/Pipeline.php(103): Laravel\\Lumen\\Routing\\Pipeline->Laravel\\Lumen\\Routing\\{closure}()
#26 /home/dennix/Projects/CasaBela/WebCasaBela/api/vendor/laravel/lumen-framework/src/Concerns/RoutesRequests.php(426): Illuminate\\Pipeline\\Pipeline->then()
#27 /home/dennix/Projects/CasaBela/WebCasaBela/api/vendor/laravel/lumen-framework/src/Concerns/RoutesRequests.php(175): Laravel\\Lumen\\Application->sendThroughPipeline()
#28 /home/dennix/Projects/CasaBela/WebCasaBela/api/vendor/laravel/lumen-framework/src/Concerns/RoutesRequests.php(112): Laravel\\Lumen\\Application->dispatch()
#29 /home/dennix/Projects/CasaBela/WebCasaBela/api/public/index.php(28): Laravel\\Lumen\\Application->run()
#30 {main}

[previous exception] [object] (PDOException(code: 0): could not find driver at /home/dennix/Projects/CasaBela/WebCasaBela/api/vendor/illuminate/database/Connectors/Connector.php:70)
[stacktrace]
#0 /home/dennix/Projects/CasaBela/WebCasaBela/api/vendor/illuminate/database/Connectors/Connector.php(70): PDO->__construct()
#1 /home/dennix/Projects/CasaBela/WebCasaBela/api/vendor/illuminate/database/Connectors/Connector.php(46): Illuminate\\Database\\Connectors\\Connector->createPdoConnection()
#2 /home/dennix/Projects/CasaBela/WebCasaBela/api/vendor/illuminate/database/Connectors/MySqlConnector.php(24): Illuminate\\Database\\Connectors\\Connector->createConnection()
#3 /home/dennix/Projects/CasaBela/WebCasaBela/api/vendor/illuminate/database/Connectors/ConnectionFactory.php(184): Illuminate\\Database\\Connectors\\MySqlConnector->connect()
#4 [internal function]: Illuminate\\Database\\Connectors\\ConnectionFactory->Illuminate\\Database\\Connectors\\{closure}()
#5 /home/dennix/Projects/CasaBela/WebCasaBela/api/vendor/illuminate/database/Connection.php(1064): call_user_func()
#6 /home/dennix/Projects/CasaBela/WebCasaBela/api/vendor/illuminate/database/Connection.php(1100): Illuminate\\Database\\Connection->getPdo()
#7 /home/dennix/Projects/CasaBela/WebCasaBela/api/vendor/illuminate/database/Connection.php(442): Illuminate\\Database\\Connection->getReadPdo()
#8 /home/dennix/Projects/CasaBela/WebCasaBela/api/vendor/illuminate/database/Connection.php(368): Illuminate\\Database\\Connection->getPdoForSelect()
#9 /home/dennix/Projects/CasaBela/WebCasaBela/api/vendor/illuminate/database/Connection.php(705): Illuminate\\Database\\Connection->Illuminate\\Database\\{closure}()
#10 /home/dennix/Projects/CasaBela/WebCasaBela/api/vendor/illuminate/database/Connection.php(672): Illuminate\\Database\\Connection->runQueryCallback()
#11 /home/dennix/Projects/CasaBela/WebCasaBela/api/vendor/illuminate/database/Connection.php(376): Illuminate\\Database\\Connection->run()
#12 /home/dennix/Projects/CasaBela/WebCasaBela/api/vendor/illuminate/database/Query/Builder.php(2414): Illuminate\\Database\\Connection->select()
#13 /home/dennix/Projects/CasaBela/WebCasaBela/api/vendor/illuminate/database/Query/Builder.php(2402): Illuminate\\Database\\Query\\Builder->runSelect()
#14 /home/dennix/Projects/CasaBela/WebCasaBela/api/vendor/illuminate/database/Query/Builder.php(2936): Illuminate\\Database\\Query\\Builder->Illuminate\\Database\\Query\\{closure}()
#15 /home/dennix/Projects/CasaBela/WebCasaBela/api/vendor/illuminate/database/Query/Builder.php(2403): Illuminate\\Database\\Query\\Builder->onceWithColumns()
#16 /home/dennix/Projects/CasaBela/WebCasaBela/api/vendor/illuminate/database/Eloquent/Builder.php(625): Illuminate\\Database\\Query\\Builder->get()
#17 /home/dennix/Projects/CasaBela/WebCasaBela/api/vendor/illuminate/database/Eloquent/Builder.php(609): Illuminate\\Database\\Eloquent\\Builder->getModels()
#18 /home/dennix/Projects/CasaBela/WebCasaBela/api/vendor/illuminate/database/Eloquent/Model.php(568): Illuminate\\Database\\Eloquent\\Builder->get()
#19 /home/dennix/Projects/CasaBela/WebCasaBela/api/app/Http/Controllers/DepartmentsController.php(13): Illuminate\\Database\\Eloquent\\Model::all()
#20 /home/dennix/Projects/CasaBela/WebCasaBela/api/vendor/illuminate/container/BoundMethod.php(36): App\\Http\\Controllers\\DepartmentsController->index()
#21 /home/dennix/Projects/CasaBela/WebCasaBela/api/vendor/illuminate/container/Util.php(40): Illuminate\\Container\\BoundMethod::Illuminate\\Container\\{closure}()
#22 /home/dennix/Projects/CasaBela/WebCasaBela/api/vendor/illuminate/container/BoundMethod.php(93): Illuminate\\Container\\Util::unwrapIfClosure()
#23 /home/dennix/Projects/CasaBela/WebCasaBela/api/vendor/illuminate/container/BoundMethod.php(37): Illuminate\\Container\\BoundMethod::callBoundMethod()
#24 /home/dennix/Projects/CasaBela/WebCasaBela/api/vendor/illuminate/container/Container.php(653): Illuminate\\Container\\BoundMethod::call()
#25 /home/dennix/Projects/CasaBela/WebCasaBela/api/vendor/laravel/lumen-framework/src/Concerns/RoutesRequests.php(389): Illuminate\\Container\\Container->call()
#26 /home/dennix/Projects/CasaBela/WebCasaBela/api/vendor/laravel/lumen-framework/src/Concerns/RoutesRequests.php(355): Laravel\\Lumen\\Application->callControllerCallable()
#27 /home/dennix/Projects/CasaBela/WebCasaBela/api/vendor/laravel/lumen-framework/src/Concerns/RoutesRequests.php(329): Laravel\\Lumen\\Application->callLumenController()
#28 /home/dennix/Projects/CasaBela/WebCasaBela/api/vendor/laravel/lumen-framework/src/Concerns/RoutesRequests.php(282): Laravel\\Lumen\\Application->callControllerAction()
#29 /home/dennix/Projects/CasaBela/WebCasaBela/api/vendor/laravel/lumen-framework/src/Concerns/RoutesRequests.php(267): Laravel\\Lumen\\Application->callActionOnArrayBasedRoute()
#30 /home/dennix/Projects/CasaBela/WebCasaBela/api/vendor/laravel/lumen-framework/src/Concerns/RoutesRequests.php(169): Laravel\\Lumen\\Application->handleFoundRoute()
#31 /home/dennix/Projects/CasaBela/WebCasaBela/api/vendor/laravel/lumen-framework/src/Routing/Pipeline.php(48): Laravel\\Lumen\\Application->Laravel\\Lumen\\Concerns\\{closure}()
#32 /home/dennix/Projects/CasaBela/WebCasaBela/api/app/Http/Middleware/CorsMiddleware.php(13): Laravel\\Lumen\\Routing\\Pipeline->Laravel\\Lumen\\Routing\\{closure}()
#33 /home/dennix/Projects/CasaBela/WebCasaBela/api/vendor/illuminate/pipeline/Pipeline.php(167): App\\Http\\Middleware\\CorsMiddleware->handle()
#34 /home/dennix/Projects/CasaBela/WebCasaBela/api/vendor/laravel/lumen-framework/src/Routing/Pipeline.php(30): Illuminate\\Pipeline\\Pipeline->Illuminate\\Pipeline\\{closure}()
#35 /home/dennix/Projects/CasaBela/WebCasaBela/api/vendor/illuminate/pipeline/Pipeline.php(103): Laravel\\Lumen\\Routing\\Pipeline->Laravel\\Lumen\\Routing\\{closure}()
#36 /home/dennix/Projects/CasaBela/WebCasaBela/api/vendor/laravel/lumen-framework/src/Concerns/RoutesRequests.php(426): Illuminate\\Pipeline\\Pipeline->then()
#37 /home/dennix/Projects/CasaBela/WebCasaBela/api/vendor/laravel/lumen-framework/src/Concerns/RoutesRequests.php(175): Laravel\\Lumen\\Application->sendThroughPipeline()
#38 /home/dennix/Projects/CasaBela/WebCasaBela/api/vendor/laravel/lumen-framework/src/Concerns/RoutesRequests.php(112): Laravel\\Lumen\\Application->dispatch()
#39 /home/dennix/Projects/CasaBela/WebCasaBela/api/public/index.php(28): Laravel\\Lumen\\Application->run()
#40 {main}
"} 
[2024-11-07 10:10:54] local.ERROR: could not find driver (SQL: select * from `property_types`) {"exception":"[object] (Illuminate\\Database\\QueryException(code: 0): could not find driver (SQL: select * from `property_types`) at /home/dennix/Projects/CasaBela/WebCasaBela/api/vendor/illuminate/database/Connection.php:712)
[stacktrace]
#0 /home/dennix/Projects/CasaBela/WebCasaBela/api/vendor/illuminate/database/Connection.php(672): Illuminate\\Database\\Connection->runQueryCallback()
#1 /home/dennix/Projects/CasaBela/WebCasaBela/api/vendor/illuminate/database/Connection.php(376): Illuminate\\Database\\Connection->run()
#2 /home/dennix/Projects/CasaBela/WebCasaBela/api/vendor/illuminate/database/Query/Builder.php(2414): Illuminate\\Database\\Connection->select()
#3 /home/dennix/Projects/CasaBela/WebCasaBela/api/vendor/illuminate/database/Query/Builder.php(2402): Illuminate\\Database\\Query\\Builder->runSelect()
#4 /home/dennix/Projects/CasaBela/WebCasaBela/api/vendor/illuminate/database/Query/Builder.php(2936): Illuminate\\Database\\Query\\Builder->Illuminate\\Database\\Query\\{closure}()
#5 /home/dennix/Projects/CasaBela/WebCasaBela/api/vendor/illuminate/database/Query/Builder.php(2403): Illuminate\\Database\\Query\\Builder->onceWithColumns()
#6 /home/dennix/Projects/CasaBela/WebCasaBela/api/vendor/illuminate/database/Eloquent/Builder.php(625): Illuminate\\Database\\Query\\Builder->get()
#7 /home/dennix/Projects/CasaBela/WebCasaBela/api/vendor/illuminate/database/Eloquent/Builder.php(609): Illuminate\\Database\\Eloquent\\Builder->getModels()
#8 /home/dennix/Projects/CasaBela/WebCasaBela/api/vendor/illuminate/database/Eloquent/Model.php(568): Illuminate\\Database\\Eloquent\\Builder->get()
#9 /home/dennix/Projects/CasaBela/WebCasaBela/api/app/Http/Controllers/PropertyTypesController.php(12): Illuminate\\Database\\Eloquent\\Model::all()
#10 /home/dennix/Projects/CasaBela/WebCasaBela/api/vendor/illuminate/container/BoundMethod.php(36): App\\Http\\Controllers\\PropertyTypesController->index()
#11 /home/dennix/Projects/CasaBela/WebCasaBela/api/vendor/illuminate/container/Util.php(40): Illuminate\\Container\\BoundMethod::Illuminate\\Container\\{closure}()
#12 /home/dennix/Projects/CasaBela/WebCasaBela/api/vendor/illuminate/container/BoundMethod.php(93): Illuminate\\Container\\Util::unwrapIfClosure()
#13 /home/dennix/Projects/CasaBela/WebCasaBela/api/vendor/illuminate/container/BoundMethod.php(37): Illuminate\\Container\\BoundMethod::callBoundMethod()
#14 /home/dennix/Projects/CasaBela/WebCasaBela/api/vendor/illuminate/container/Container.php(653): Illuminate\\Container\\BoundMethod::call()
#15 /home/dennix/Projects/CasaBela/WebCasaBela/api/vendor/laravel/lumen-framework/src/Concerns/RoutesRequests.php(389): Illuminate\\Container\\Container->call()
#16 /home/dennix/Projects/CasaBela/WebCasaBela/api/vendor/laravel/lumen-framework/src/Concerns/RoutesRequests.php(355): Laravel\\Lumen\\Application->callControllerCallable()
#17 /home/dennix/Projects/CasaBela/WebCasaBela/api/vendor/laravel/lumen-framework/src/Concerns/RoutesRequests.php(329): Laravel\\Lumen\\Application->callLumenController()
#18 /home/dennix/Projects/CasaBela/WebCasaBela/api/vendor/laravel/lumen-framework/src/Concerns/RoutesRequests.php(282): Laravel\\Lumen\\Application->callControllerAction()
#19 /home/dennix/Projects/CasaBela/WebCasaBela/api/vendor/laravel/lumen-framework/src/Concerns/RoutesRequests.php(267): Laravel\\Lumen\\Application->callActionOnArrayBasedRoute()
#20 /home/dennix/Projects/CasaBela/WebCasaBela/api/vendor/laravel/lumen-framework/src/Concerns/RoutesRequests.php(169): Laravel\\Lumen\\Application->handleFoundRoute()
#21 /home/dennix/Projects/CasaBela/WebCasaBela/api/vendor/laravel/lumen-framework/src/Routing/Pipeline.php(48): Laravel\\Lumen\\Application->Laravel\\Lumen\\Concerns\\{closure}()
#22 /home/dennix/Projects/CasaBela/WebCasaBela/api/app/Http/Middleware/CorsMiddleware.php(13): Laravel\\Lumen\\Routing\\Pipeline->Laravel\\Lumen\\Routing\\{closure}()
#23 /home/dennix/Projects/CasaBela/WebCasaBela/api/vendor/illuminate/pipeline/Pipeline.php(167): App\\Http\\Middleware\\CorsMiddleware->handle()
#24 /home/dennix/Projects/CasaBela/WebCasaBela/api/vendor/laravel/lumen-framework/src/Routing/Pipeline.php(30): Illuminate\\Pipeline\\Pipeline->Illuminate\\Pipeline\\{closure}()
#25 /home/dennix/Projects/CasaBela/WebCasaBela/api/vendor/illuminate/pipeline/Pipeline.php(103): Laravel\\Lumen\\Routing\\Pipeline->Laravel\\Lumen\\Routing\\{closure}()
#26 /home/dennix/Projects/CasaBela/WebCasaBela/api/vendor/laravel/lumen-framework/src/Concerns/RoutesRequests.php(426): Illuminate\\Pipeline\\Pipeline->then()
#27 /home/dennix/Projects/CasaBela/WebCasaBela/api/vendor/laravel/lumen-framework/src/Concerns/RoutesRequests.php(175): Laravel\\Lumen\\Application->sendThroughPipeline()
#28 /home/dennix/Projects/CasaBela/WebCasaBela/api/vendor/laravel/lumen-framework/src/Concerns/RoutesRequests.php(112): Laravel\\Lumen\\Application->dispatch()
#29 /home/dennix/Projects/CasaBela/WebCasaBela/api/public/index.php(28): Laravel\\Lumen\\Application->run()
#30 {main}

[previous exception] [object] (PDOException(code: 0): could not find driver at /home/dennix/Projects/CasaBela/WebCasaBela/api/vendor/illuminate/database/Connectors/Connector.php:70)
[stacktrace]
#0 /home/dennix/Projects/CasaBela/WebCasaBela/api/vendor/illuminate/database/Connectors/Connector.php(70): PDO->__construct()
#1 /home/dennix/Projects/CasaBela/WebCasaBela/api/vendor/illuminate/database/Connectors/Connector.php(46): Illuminate\\Database\\Connectors\\Connector->createPdoConnection()
#2 /home/dennix/Projects/CasaBela/WebCasaBela/api/vendor/illuminate/database/Connectors/MySqlConnector.php(24): Illuminate\\Database\\Connectors\\Connector->createConnection()
#3 /home/dennix/Projects/CasaBela/WebCasaBela/api/vendor/illuminate/database/Connectors/ConnectionFactory.php(184): Illuminate\\Database\\Connectors\\MySqlConnector->connect()
#4 [internal function]: Illuminate\\Database\\Connectors\\ConnectionFactory->Illuminate\\Database\\Connectors\\{closure}()
#5 /home/dennix/Projects/CasaBela/WebCasaBela/api/vendor/illuminate/database/Connection.php(1064): call_user_func()
#6 /home/dennix/Projects/CasaBela/WebCasaBela/api/vendor/illuminate/database/Connection.php(1100): Illuminate\\Database\\Connection->getPdo()
#7 /home/dennix/Projects/CasaBela/WebCasaBela/api/vendor/illuminate/database/Connection.php(442): Illuminate\\Database\\Connection->getReadPdo()
#8 /home/dennix/Projects/CasaBela/WebCasaBela/api/vendor/illuminate/database/Connection.php(368): Illuminate\\Database\\Connection->getPdoForSelect()
#9 /home/dennix/Projects/CasaBela/WebCasaBela/api/vendor/illuminate/database/Connection.php(705): Illuminate\\Database\\Connection->Illuminate\\Database\\{closure}()
#10 /home/dennix/Projects/CasaBela/WebCasaBela/api/vendor/illuminate/database/Connection.php(672): Illuminate\\Database\\Connection->runQueryCallback()
#11 /home/dennix/Projects/CasaBela/WebCasaBela/api/vendor/illuminate/database/Connection.php(376): Illuminate\\Database\\Connection->run()
#12 /home/dennix/Projects/CasaBela/WebCasaBela/api/vendor/illuminate/database/Query/Builder.php(2414): Illuminate\\Database\\Connection->select()
#13 /home/dennix/Projects/CasaBela/WebCasaBela/api/vendor/illuminate/database/Query/Builder.php(2402): Illuminate\\Database\\Query\\Builder->runSelect()
#14 /home/dennix/Projects/CasaBela/WebCasaBela/api/vendor/illuminate/database/Query/Builder.php(2936): Illuminate\\Database\\Query\\Builder->Illuminate\\Database\\Query\\{closure}()
#15 /home/dennix/Projects/CasaBela/WebCasaBela/api/vendor/illuminate/database/Query/Builder.php(2403): Illuminate\\Database\\Query\\Builder->onceWithColumns()
#16 /home/dennix/Projects/CasaBela/WebCasaBela/api/vendor/illuminate/database/Eloquent/Builder.php(625): Illuminate\\Database\\Query\\Builder->get()
#17 /home/dennix/Projects/CasaBela/WebCasaBela/api/vendor/illuminate/database/Eloquent/Builder.php(609): Illuminate\\Database\\Eloquent\\Builder->getModels()
#18 /home/dennix/Projects/CasaBela/WebCasaBela/api/vendor/illuminate/database/Eloquent/Model.php(568): Illuminate\\Database\\Eloquent\\Builder->get()
#19 /home/dennix/Projects/CasaBela/WebCasaBela/api/app/Http/Controllers/PropertyTypesController.php(12): Illuminate\\Database\\Eloquent\\Model::all()
#20 /home/dennix/Projects/CasaBela/WebCasaBela/api/vendor/illuminate/container/BoundMethod.php(36): App\\Http\\Controllers\\PropertyTypesController->index()
#21 /home/dennix/Projects/CasaBela/WebCasaBela/api/vendor/illuminate/container/Util.php(40): Illuminate\\Container\\BoundMethod::Illuminate\\Container\\{closure}()
#22 /home/dennix/Projects/CasaBela/WebCasaBela/api/vendor/illuminate/container/BoundMethod.php(93): Illuminate\\Container\\Util::unwrapIfClosure()
#23 /home/dennix/Projects/CasaBela/WebCasaBela/api/vendor/illuminate/container/BoundMethod.php(37): Illuminate\\Container\\BoundMethod::callBoundMethod()
#24 /home/dennix/Projects/CasaBela/WebCasaBela/api/vendor/illuminate/container/Container.php(653): Illuminate\\Container\\BoundMethod::call()
#25 /home/dennix/Projects/CasaBela/WebCasaBela/api/vendor/laravel/lumen-framework/src/Concerns/RoutesRequests.php(389): Illuminate\\Container\\Container->call()
#26 /home/dennix/Projects/CasaBela/WebCasaBela/api/vendor/laravel/lumen-framework/src/Concerns/RoutesRequests.php(355): Laravel\\Lumen\\Application->callControllerCallable()
#27 /home/dennix/Projects/CasaBela/WebCasaBela/api/vendor/laravel/lumen-framework/src/Concerns/RoutesRequests.php(329): Laravel\\Lumen\\Application->callLumenController()
#28 /home/dennix/Projects/CasaBela/WebCasaBela/api/vendor/laravel/lumen-framework/src/Concerns/RoutesRequests.php(282): Laravel\\Lumen\\Application->callControllerAction()
#29 /home/dennix/Projects/CasaBela/WebCasaBela/api/vendor/laravel/lumen-framework/src/Concerns/RoutesRequests.php(267): Laravel\\Lumen\\Application->callActionOnArrayBasedRoute()
#30 /home/dennix/Projects/CasaBela/WebCasaBela/api/vendor/laravel/lumen-framework/src/Concerns/RoutesRequests.php(169): Laravel\\Lumen\\Application->handleFoundRoute()
#31 /home/dennix/Projects/CasaBela/WebCasaBela/api/vendor/laravel/lumen-framework/src/Routing/Pipeline.php(48): Laravel\\Lumen\\Application->Laravel\\Lumen\\Concerns\\{closure}()
#32 /home/dennix/Projects/CasaBela/WebCasaBela/api/app/Http/Middleware/CorsMiddleware.php(13): Laravel\\Lumen\\Routing\\Pipeline->Laravel\\Lumen\\Routing\\{closure}()
#33 /home/dennix/Projects/CasaBela/WebCasaBela/api/vendor/illuminate/pipeline/Pipeline.php(167): App\\Http\\Middleware\\CorsMiddleware->handle()
#34 /home/dennix/Projects/CasaBela/WebCasaBela/api/vendor/laravel/lumen-framework/src/Routing/Pipeline.php(30): Illuminate\\Pipeline\\Pipeline->Illuminate\\Pipeline\\{closure}()
#35 /home/dennix/Projects/CasaBela/WebCasaBela/api/vendor/illuminate/pipeline/Pipeline.php(103): Laravel\\Lumen\\Routing\\Pipeline->Laravel\\Lumen\\Routing\\{closure}()
#36 /home/dennix/Projects/CasaBela/WebCasaBela/api/vendor/laravel/lumen-framework/src/Concerns/RoutesRequests.php(426): Illuminate\\Pipeline\\Pipeline->then()
#37 /home/dennix/Projects/CasaBela/WebCasaBela/api/vendor/laravel/lumen-framework/src/Concerns/RoutesRequests.php(175): Laravel\\Lumen\\Application->sendThroughPipeline()
#38 /home/dennix/Projects/CasaBela/WebCasaBela/api/vendor/laravel/lumen-framework/src/Concerns/RoutesRequests.php(112): Laravel\\Lumen\\Application->dispatch()
#39 /home/dennix/Projects/CasaBela/WebCasaBela/api/public/index.php(28): Laravel\\Lumen\\Application->run()
#40 {main}
"} 
